2024-09-04 15:57:02,397 INFO o.a.j.u.JMeterUtils: Setting Locale to en_EN
2024-09-04 15:57:02,425 INFO o.a.j.JMeter: Loading user properties from: /opt/homebrew/Cellar/jmeter/5.6.3/libexec/bin/user.properties
2024-09-04 15:57:02,425 INFO o.a.j.JMeter: Loading system properties from: /opt/homebrew/Cellar/jmeter/5.6.3/libexec/bin/system.properties
2024-09-04 15:57:02,428 INFO o.a.j.JMeter: Copyright (c) 1998-2024 The Apache Software Foundation
2024-09-04 15:57:02,428 INFO o.a.j.JMeter: Version 5.6.3
2024-09-04 15:57:02,428 INFO o.a.j.JMeter: java.version=21.0.4
2024-09-04 15:57:02,428 INFO o.a.j.JMeter: java.vm.name=OpenJDK 64-Bit Server VM
2024-09-04 15:57:02,428 INFO o.a.j.JMeter: os.name=Mac OS X
2024-09-04 15:57:02,428 INFO o.a.j.JMeter: os.arch=aarch64
2024-09-04 15:57:02,428 INFO o.a.j.JMeter: os.version=14.5
2024-09-04 15:57:02,428 INFO o.a.j.JMeter: file.encoding=UTF-8
2024-09-04 15:57:02,428 INFO o.a.j.JMeter: java.awt.headless=null
2024-09-04 15:57:02,428 INFO o.a.j.JMeter: Max memory     =1073741824
2024-09-04 15:57:02,428 INFO o.a.j.JMeter: Available Processors =8
2024-09-04 15:57:02,434 INFO o.a.j.JMeter: Default Locale=English (EN)
2024-09-04 15:57:02,434 INFO o.a.j.JMeter: JMeter  Locale=English (EN)
2024-09-04 15:57:02,434 INFO o.a.j.JMeter: JMeterHome=/opt/homebrew/Cellar/jmeter/5.6.3/libexec
2024-09-04 15:57:02,434 INFO o.a.j.JMeter: user.dir  =/Users/hao/Desktop/project/DY/server/gateway_serv/gateway
2024-09-04 15:57:02,434 INFO o.a.j.JMeter: PWD       =/Users/hao/Desktop/project/DY/server/gateway_serv/gateway
2024-09-04 15:57:02,642 INFO o.a.j.JMeter: IP: 198.18.8.156 Name: bogon FullName: 198.18.8.156
2024-09-04 15:57:02,654 INFO o.a.j.JMeter: Loaded icon properties from org/apache/jmeter/images/icon.properties
2024-09-04 15:57:03,211 INFO o.a.j.JMeterGuiLauncher: Setting LAF to: com.github.weisj.darklaf.DarkLaf:com.github.weisj.darklaf.theme.DarculaTheme
2024-09-04 15:57:06,057 INFO o.a.j.r.ClassFinder: Will scan jar /opt/homebrew/Cellar/jmeter/5.6.3/libexec/lib/ext/jmeter-plugins-manager-1.9.jar with filter ExtendsClassFilter [parents=[interface org.apache.jmeter.gui.action.Command], inner=false, contains=null, notContains=null]. Consider exposing JMeter plugins via META-INF/services, and add JMeter-Skip-Class-Scanning=true manifest attribute so JMeter can skip classfile scanning
2024-09-04 15:57:06,152 INFO o.a.j.r.ClassFinder: Will scan jar /opt/homebrew/Cellar/jmeter/5.6.3/libexec/lib/ext/jmeter-plugins-manager-1.9.jar with filter ExtendsClassFilter [parents=[interface org.apache.jmeter.gui.plugin.MenuCreator], inner=false, contains=null, notContains=null]. Consider exposing JMeter plugins via META-INF/services, and add JMeter-Skip-Class-Scanning=true manifest attribute so JMeter can skip classfile scanning
2024-09-04 15:57:06,178 INFO o.j.r.JARSourceHTTP: Using proxy 127.0.0.1:7890
2024-09-04 15:57:06,183 INFO o.j.r.JARSourceHTTP: Using proxy 127.0.0.1:7890
2024-09-04 15:57:06,226 INFO o.j.r.JARSourceHTTP: Requesting https://jmeter-plugins.org/repo/?installID=mac_os_x-b93f147be5ec6b5bbbf62317849c9688-gui
2024-09-04 15:57:08,331 INFO o.j.r.JARSourceHTTP: Using proxy 127.0.0.1:7890
2024-09-04 15:57:08,331 INFO o.j.r.PluginManager: Plugins Status: [jpgc-plugins-manager=1.9, jmeter-core=5.6.3, jmeter-ftp=5.6.3, jmeter-http=5.6.3, jmeter-jdbc=5.6.3, jmeter-jms=5.6.3, jmeter-junit=5.6.3, jmeter-java=5.6.3, jmeter-ldap=5.6.3, jmeter-mail=5.6.3, jmeter-mongodb=5.6.3, jmeter-native=5.6.3, jmeter-tcp=5.6.3, jmeter-components=5.6.3]
2024-09-04 15:57:08,333 INFO o.j.r.PluginManagerMenuItem: Plugins Manager has upgrades: [jpgc-plugins-manager]
2024-09-04 15:57:46,707 INFO o.a.j.s.FileServer: Default base='/Users/hao/Desktop/project/DY/server/gateway_serv/gateway'
2024-09-04 15:57:46,724 INFO o.a.j.g.a.Load: Loading file: /Users/hao/Desktop/project/HTTP请求.jmx
2024-09-04 15:57:46,725 INFO o.a.j.s.FileServer: Set new base='/Users/hao/Desktop/project'
2024-09-04 15:57:46,809 INFO o.a.j.s.SaveService: Testplan (JMX) version: 2.2. Testlog (JTL) version: 2.2
2024-09-04 15:57:46,813 INFO o.a.j.s.SaveService: Using SaveService properties version 5.0
2024-09-04 15:57:46,814 INFO o.a.j.s.SaveService: Using SaveService properties file encoding UTF-8
2024-09-04 15:57:46,814 INFO o.a.j.s.SaveService: Loading file: /Users/hao/Desktop/project/HTTP请求.jmx
2024-09-04 15:57:46,866 INFO o.a.j.p.h.s.HTTPSamplerBase: Parser for text/html is org.apache.jmeter.protocol.http.parser.LagartoBasedHtmlParser
2024-09-04 15:57:46,866 INFO o.a.j.p.h.s.HTTPSamplerBase: Parser for application/xhtml+xml is org.apache.jmeter.protocol.http.parser.LagartoBasedHtmlParser
2024-09-04 15:57:46,866 INFO o.a.j.p.h.s.HTTPSamplerBase: Parser for application/xml is org.apache.jmeter.protocol.http.parser.LagartoBasedHtmlParser
2024-09-04 15:57:46,866 INFO o.a.j.p.h.s.HTTPSamplerBase: Parser for text/xml is org.apache.jmeter.protocol.http.parser.LagartoBasedHtmlParser
2024-09-04 15:57:46,866 INFO o.a.j.p.h.s.HTTPSamplerBase: Parser for text/vnd.wap.wml is org.apache.jmeter.protocol.http.parser.RegexpHTMLParser
2024-09-04 15:57:46,866 INFO o.a.j.p.h.s.HTTPSamplerBase: Parser for text/css is org.apache.jmeter.protocol.http.parser.CssParser
2024-09-04 15:57:47,086 INFO o.a.j.s.SampleResult: Note: Sample TimeStamps are START times
2024-09-04 15:57:47,087 INFO o.a.j.s.SampleResult: sampleresult.default.encoding is set to UTF-8
2024-09-04 15:57:47,087 INFO o.a.j.s.SampleResult: sampleresult.useNanoTime=true
2024-09-04 15:57:47,087 INFO o.a.j.s.SampleResult: sampleresult.nanoThreadSleep=5000
2024-09-04 15:57:47,134 INFO o.a.j.r.ClassFinder: Will scan jar /opt/homebrew/Cellar/jmeter/5.6.3/libexec/lib/ext/jmeter-plugins-manager-1.9.jar with filter ExtendsClassFilter [parents=[interface org.apache.jmeter.visualizers.ResultRenderer], inner=false, contains=null, notContains=null]. Consider exposing JMeter plugins via META-INF/services, and add JMeter-Skip-Class-Scanning=true manifest attribute so JMeter can skip classfile scanning
2024-09-04 15:57:47,145 INFO o.a.j.r.ClassFinder: Will scan jar /opt/homebrew/Cellar/jmeter/5.6.3/libexec/lib/ext/jmeter-plugins-manager-1.9.jar with filter ExtendsClassFilter [parents=[interface org.apache.jmeter.visualizers.RequestView], inner=false, contains=null, notContains=null]. Consider exposing JMeter plugins via META-INF/services, and add JMeter-Skip-Class-Scanning=true manifest attribute so JMeter can skip classfile scanning
2024-09-04 15:57:47,206 INFO o.a.j.s.FileServer: Set new base='/Users/hao/Desktop/project'
